{
  "0 debug pnpm:scope": {
    "selected": 1
  },
  "1 warn pnpm:global": "lifecycle The node binary used for scripts is /usr/bin/node but pnpm is using /usr/bin/node itself. Use the `--scripts-prepend-node-path` option to include the path for the node binary pnpm was executed with.",
  "2 error pnpm": {
    "code": "ELIFECYCLE",
    "errno": "ENOENT",
    "syscall": "spawn",
    "file": "sh",
    "pkgid": "boilerplate@1.0.0",
    "stage": "watch:server",
    "script": "nodemon server/server.js",
    "pkgname": "boilerplate",
    "err": {
      "name": "pnpm",
      "message": "boilerplate@1.0.0 watch:server: `nodemon server/server.js`\nspawn ENOENT",
      "code": "ELIFECYCLE",
      "stack": "pnpm: boilerplate@1.0.0 watch:server: `nodemon server/server.js`\nspawn ENOENT\n    at ChildProcess.<anonymous> (/usr/pnpm-global/5/node_modules/.pnpm/pnpm@6.29.1/node_modules/pnpm/dist/pnpm.cjs:92187:22)\n    at ChildProcess.emit (events.js:400:28)\n    at maybeClose (internal/child_process.js:1058:16)\n    at Process.ChildProcess._handle.onexit (internal/child_process.js:293:5)"
    }
  },
  "3 warn pnpm:global": " Local package.json exists, but node_modules missing, did you mean to install?"
}